This is pdfTeX, Version 3.14159265-2.6-1.40.18 (TeX Live 2017) (preloaded format=pdflatex 2017.8.30)  29 APR 2019 00:08
entering extended mode
 restricted \write18 enabled.
 %&-line parsing enabled.
**main.tex
(./main.tex
LaTeX2e <2017-04-15>
Babel <3.10> and hyphenation patterns for 84 language(s) loaded.
(/usr/local/texlive/2017/texmf-dist/tex/latex/base/article.cls
Document Class: article 2014/09/29 v1.4h Standard LaTeX document class
(/usr/local/texlive/2017/texmf-dist/tex/latex/base/size10.clo
File: size10.clo 2014/09/29 v1.4h Standard LaTeX file (size option)
)
\c@part=\count79
\c@section=\count80
\c@subsection=\count81
\c@subsubsection=\count82
\c@paragraph=\count83
\c@subparagraph=\count84
\c@figure=\count85
\c@table=\count86
\abovecaptionskip=\skip41
\belowcaptionskip=\skip42
\bibindent=\dimen102
)
(/usr/local/texlive/2017/texmf-dist/tex/latex/graphics/graphicx.sty
Package: graphicx 2014/10/28 v1.0g Enhanced LaTeX Graphics (DPC,SPQR)

(/usr/local/texlive/2017/texmf-dist/tex/latex/graphics/keyval.sty
Package: keyval 2014/10/28 v1.15 key=value parser (DPC)
\KV@toks@=\toks14
)
(/usr/local/texlive/2017/texmf-dist/tex/latex/graphics/graphics.sty
Package: graphics 2017/04/14 v1.1b Standard LaTeX Graphics (DPC,SPQR)

(/usr/local/texlive/2017/texmf-dist/tex/latex/graphics/trig.sty
Package: trig 2016/01/03 v1.10 sin cos tan (DPC)
)
(/usr/local/texlive/2017/texmf-dist/tex/latex/graphics-cfg/graphics.cfg
File: graphics.cfg 2016/06/04 v1.11 sample graphics configuration
)
Package graphics Info: Driver file: pdftex.def on input line 99.

(/usr/local/texlive/2017/texmf-dist/tex/latex/graphics-def/pdftex.def
File: pdftex.def 2017/01/12 v0.06k Graphics/color for pdfTeX

(/usr/local/texlive/2017/texmf-dist/tex/generic/oberdiek/infwarerr.sty
Package: infwarerr 2016/05/16 v1.4 Providing info/warning/error messages (HO)
)
(/usr/local/texlive/2017/texmf-dist/tex/generic/oberdiek/ltxcmds.sty
Package: ltxcmds 2016/05/16 v1.23 LaTeX kernel commands for general use (HO)
)
\Gread@gobject=\count87
))
\Gin@req@height=\dimen103
\Gin@req@width=\dimen104
)
(/usr/local/texlive/2017/texmf-dist/tex/latex/graphics/color.sty
Package: color 2016/07/10 v1.1e Standard LaTeX Color (DPC)

(/usr/local/texlive/2017/texmf-dist/tex/latex/graphics-cfg/color.cfg
File: color.cfg 2016/01/02 v1.6 sample color configuration
)
Package color Info: Driver file: pdftex.def on input line 147.
)
(/usr/local/texlive/2017/texmf-dist/tex/latex/framed/framed.sty
Package: framed 2011/10/22 v 0.96: framed or shaded text with page breaks
\OuterFrameSep=\skip43
\fb@frw=\dimen105
\fb@frh=\dimen106
\FrameRule=\dimen107
\FrameSep=\dimen108
)
(/usr/local/texlive/2017/texmf-dist/tex/latex/base/alltt.sty
Package: alltt 1997/06/16 v2.0g defines alltt environment
)
(/usr/local/texlive/2017/texmf-dist/tex/latex/base/inputenc.sty
Package: inputenc 2015/03/17 v1.2c Input encoding file
\inpenc@prehook=\toks15
\inpenc@posthook=\toks16

(/usr/local/texlive/2017/texmf-dist/tex/latex/base/utf8.def
File: utf8.def 2017/01/28 v1.1t UTF-8 support for inputenc
Now handling font encoding OML ...
... no UTF-8 mapping file for font encoding OML
Now handling font encoding T1 ...
... processing UTF-8 mapping file for font encoding T1

(/usr/local/texlive/2017/texmf-dist/tex/latex/base/t1enc.dfu
File: t1enc.dfu 2017/01/28 v1.1t UTF-8 support for inputenc
   defining Unicode char U+00A0 (decimal 160)
   defining Unicode char U+00A1 (decimal 161)
   defining Unicode char U+00A3 (decimal 163)
   defining Unicode char U+00AB (decimal 171)
   defining Unicode char U+00AD (decimal 173)
   defining Unicode char U+00BB (decimal 187)
   defining Unicode char U+00BF (decimal 191)
   defining Unicode char U+00C0 (decimal 192)
   defining Unicode char U+00C1 (decimal 193)
   defining Unicode char U+00C2 (decimal 194)
   defining Unicode char U+00C3 (decimal 195)
   defining Unicode char U+00C4 (decimal 196)
   defining Unicode char U+00C5 (decimal 197)
   defining Unicode char U+00C6 (decimal 198)
   defining Unicode char U+00C7 (decimal 199)
   defining Unicode char U+00C8 (decimal 200)
   defining Unicode char U+00C9 (decimal 201)
   defining Unicode char U+00CA (decimal 202)
   defining Unicode char U+00CB (decimal 203)
   defining Unicode char U+00CC (decimal 204)
   defining Unicode char U+00CD (decimal 205)
   defining Unicode char U+00CE (decimal 206)
   defining Unicode char U+00CF (decimal 207)
   defining Unicode char U+00D0 (decimal 208)
   defining Unicode char U+00D1 (decimal 209)
   defining Unicode char U+00D2 (decimal 210)
   defining Unicode char U+00D3 (decimal 211)
   defining Unicode char U+00D4 (decimal 212)
   defining Unicode char U+00D5 (decimal 213)
   defining Unicode char U+00D6 (decimal 214)
   defining Unicode char U+00D8 (decimal 216)
   defining Unicode char U+00D9 (decimal 217)
   defining Unicode char U+00DA (decimal 218)
   defining Unicode char U+00DB (decimal 219)
   defining Unicode char U+00DC (decimal 220)
   defining Unicode char U+00DD (decimal 221)
   defining Unicode char U+00DE (decimal 222)
   defining Unicode char U+00DF (decimal 223)
   defining Unicode char U+00E0 (decimal 224)
   defining Unicode char U+00E1 (decimal 225)
   defining Unicode char U+00E2 (decimal 226)
   defining Unicode char U+00E3 (decimal 227)
   defining Unicode char U+00E4 (decimal 228)
   defining Unicode char U+00E5 (decimal 229)
   defining Unicode char U+00E6 (decimal 230)
   defining Unicode char U+00E7 (decimal 231)
   defining Unicode char U+00E8 (decimal 232)
   defining Unicode char U+00E9 (decimal 233)
   defining Unicode char U+00EA (decimal 234)
   defining Unicode char U+00EB (decimal 235)
   defining Unicode char U+00EC (decimal 236)
   defining Unicode char U+00ED (decimal 237)
   defining Unicode char U+00EE (decimal 238)
   defining Unicode char U+00EF (decimal 239)
   defining Unicode char U+00F0 (decimal 240)
   defining Unicode char U+00F1 (decimal 241)
   defining Unicode char U+00F2 (decimal 242)
   defining Unicode char U+00F3 (decimal 243)
   defining Unicode char U+00F4 (decimal 244)
   defining Unicode char U+00F5 (decimal 245)
   defining Unicode char U+00F6 (decimal 246)
   defining Unicode char U+00F8 (decimal 248)
   defining Unicode char U+00F9 (decimal 249)
   defining Unicode char U+00FA (decimal 250)
   defining Unicode char U+00FB (decimal 251)
   defining Unicode char U+00FC (decimal 252)
   defining Unicode char U+00FD (decimal 253)
   defining Unicode char U+00FE (decimal 254)
   defining Unicode char U+00FF (decimal 255)
   defining Unicode char U+0100 (decimal 256)
   defining Unicode char U+0101 (decimal 257)
   defining Unicode char U+0102 (decimal 258)
   defining Unicode char U+0103 (decimal 259)
   defining Unicode char U+0104 (decimal 260)
   defining Unicode char U+0105 (decimal 261)
   defining Unicode char U+0106 (decimal 262)
   defining Unicode char U+0107 (decimal 263)
   defining Unicode char U+0108 (decimal 264)
   defining Unicode char U+0109 (decimal 265)
   defining Unicode char U+010A (decimal 266)
   defining Unicode char U+010B (decimal 267)
   defining Unicode char U+010C (decimal 268)
   defining Unicode char U+010D (decimal 269)
   defining Unicode char U+010E (decimal 270)
   defining Unicode char U+010F (decimal 271)
   defining Unicode char U+0110 (decimal 272)
   defining Unicode char U+0111 (decimal 273)
   defining Unicode char U+0112 (decimal 274)
   defining Unicode char U+0113 (decimal 275)
   defining Unicode char U+0114 (decimal 276)
   defining Unicode char U+0115 (decimal 277)
   defining Unicode char U+0116 (decimal 278)
   defining Unicode char U+0117 (decimal 279)
   defining Unicode char U+0118 (decimal 280)
   defining Unicode char U+0119 (decimal 281)
   defining Unicode char U+011A (decimal 282)
   defining Unicode char U+011B (decimal 283)
   defining Unicode char U+011C (decimal 284)
   defining Unicode char U+011D (decimal 285)
   defining Unicode char U+011E (decimal 286)
   defining Unicode char U+011F (decimal 287)
   defining Unicode char U+0120 (decimal 288)
   defining Unicode char U+0121 (decimal 289)
   defining Unicode char U+0122 (decimal 290)
   defining Unicode char U+0123 (decimal 291)
   defining Unicode char U+0124 (decimal 292)
   defining Unicode char U+0125 (decimal 293)
   defining Unicode char U+0128 (decimal 296)
   defining Unicode char U+0129 (decimal 297)
   defining Unicode char U+012A (decimal 298)
   defining Unicode char U+012B (decimal 299)
   defining Unicode char U+012C (decimal 300)
   defining Unicode char U+012D (decimal 301)
   defining Unicode char U+012E (decimal 302)
   defining Unicode char U+012F (decimal 303)
   defining Unicode char U+0130 (decimal 304)
   defining Unicode char U+0131 (decimal 305)
   defining Unicode char U+0132 (decimal 306)
   defining Unicode char U+0133 (decimal 307)
   defining Unicode char U+0134 (decimal 308)
   defining Unicode char U+0135 (decimal 309)
   defining Unicode char U+0136 (decimal 310)
   defining Unicode char U+0137 (decimal 311)
   defining Unicode char U+0139 (decimal 313)
   defining Unicode char U+013A (decimal 314)
   defining Unicode char U+013B (decimal 315)
   defining Unicode char U+013C (decimal 316)
   defining Unicode char U+013D (decimal 317)
   defining Unicode char U+013E (decimal 318)
   defining Unicode char U+0141 (decimal 321)
   defining Unicode char U+0142 (decimal 322)
   defining Unicode char U+0143 (decimal 323)
   defining Unicode char U+0144 (decimal 324)
   defining Unicode char U+0145 (decimal 325)
   defining Unicode char U+0146 (decimal 326)
   defining Unicode char U+0147 (decimal 327)
   defining Unicode char U+0148 (decimal 328)
   defining Unicode char U+014A (decimal 330)
   defining Unicode char U+014B (decimal 331)
   defining Unicode char U+014C (decimal 332)
   defining Unicode char U+014D (decimal 333)
   defining Unicode char U+014E (decimal 334)
   defining Unicode char U+014F (decimal 335)
   defining Unicode char U+0150 (decimal 336)
   defining Unicode char U+0151 (decimal 337)
   defining Unicode char U+0152 (decimal 338)
   defining Unicode char U+0153 (decimal 339)
   defining Unicode char U+0154 (decimal 340)
   defining Unicode char U+0155 (decimal 341)
   defining Unicode char U+0156 (decimal 342)
   defining Unicode char U+0157 (decimal 343)
   defining Unicode char U+0158 (decimal 344)
   defining Unicode char U+0159 (decimal 345)
   defining Unicode char U+015A (decimal 346)
   defining Unicode char U+015B (decimal 347)
   defining Unicode char U+015C (decimal 348)
   defining Unicode char U+015D (decimal 349)
   defining Unicode char U+015E (decimal 350)
   defining Unicode char U+015F (decimal 351)
   defining Unicode char U+0160 (decimal 352)
   defining Unicode char U+0161 (decimal 353)
   defining Unicode char U+0162 (decimal 354)
   defining Unicode char U+0163 (decimal 355)
   defining Unicode char U+0164 (decimal 356)
   defining Unicode char U+0165 (decimal 357)
   defining Unicode char U+0168 (decimal 360)
   defining Unicode char U+0169 (decimal 361)
   defining Unicode char U+016A (decimal 362)
   defining Unicode char U+016B (decimal 363)
   defining Unicode char U+016C (decimal 364)
   defining Unicode char U+016D (decimal 365)
   defining Unicode char U+016E (decimal 366)
   defining Unicode char U+016F (decimal 367)
   defining Unicode char U+0170 (decimal 368)
   defining Unicode char U+0171 (decimal 369)
   defining Unicode char U+0172 (decimal 370)
   defining Unicode char U+0173 (decimal 371)
   defining Unicode char U+0174 (decimal 372)
   defining Unicode char U+0175 (decimal 373)
   defining Unicode char U+0176 (decimal 374)
   defining Unicode char U+0177 (decimal 375)
   defining Unicode char U+0178 (decimal 376)
   defining Unicode char U+0179 (decimal 377)
   defining Unicode char U+017A (decimal 378)
   defining Unicode char U+017B (decimal 379)
   defining Unicode char U+017C (decimal 380)
   defining Unicode char U+017D (decimal 381)
   defining Unicode char U+017E (decimal 382)
   defining Unicode char U+01CD (decimal 461)
   defining Unicode char U+01CE (decimal 462)
   defining Unicode char U+01CF (decimal 463)
   defining Unicode char U+01D0 (decimal 464)
   defining Unicode char U+01D1 (decimal 465)
   defining Unicode char U+01D2 (decimal 466)
   defining Unicode char U+01D3 (decimal 467)
   defining Unicode char U+01D4 (decimal 468)
   defining Unicode char U+01E2 (decimal 482)
   defining Unicode char U+01E3 (decimal 483)
   defining Unicode char U+01E6 (decimal 486)
   defining Unicode char U+01E7 (decimal 487)
   defining Unicode char U+01E8 (decimal 488)
   defining Unicode char U+01E9 (decimal 489)
   defining Unicode char U+01EA (decimal 490)
   defining Unicode char U+01EB (decimal 491)
   defining Unicode char U+01F0 (decimal 496)
   defining Unicode char U+01F4 (decimal 500)
   defining Unicode char U+01F5 (decimal 501)
   defining Unicode char U+0218 (decimal 536)
   defining Unicode char U+0219 (decimal 537)
   defining Unicode char U+021A (decimal 538)
   defining Unicode char U+021B (decimal 539)
   defining Unicode char U+0232 (decimal 562)
   defining Unicode char U+0233 (decimal 563)
   defining Unicode char U+1E02 (decimal 7682)
   defining Unicode char U+1E03 (decimal 7683)
   defining Unicode char U+200C (decimal 8204)
   defining Unicode char U+2010 (decimal 8208)
   defining Unicode char U+2011 (decimal 8209)
   defining Unicode char U+2012 (decimal 8210)
   defining Unicode char U+2013 (decimal 8211)
   defining Unicode char U+2014 (decimal 8212)
   defining Unicode char U+2015 (decimal 8213)
   defining Unicode char U+2018 (decimal 8216)
   defining Unicode char U+2019 (decimal 8217)
   defining Unicode char U+201A (decimal 8218)
   defining Unicode char U+201C (decimal 8220)
   defining Unicode char U+201D (decimal 8221)
   defining Unicode char U+201E (decimal 8222)
   defining Unicode char U+2030 (decimal 8240)
   defining Unicode char U+2031 (decimal 8241)
   defining Unicode char U+2039 (decimal 8249)
   defining Unicode char U+203A (decimal 8250)
   defining Unicode char U+2423 (decimal 9251)
   defining Unicode char U+1E20 (decimal 7712)
   defining Unicode char U+1E21 (decimal 7713)
)
Now handling font encoding OT1 ...
... processing UTF-8 mapping file for font encoding OT1

(/usr/local/texlive/2017/texmf-dist/tex/latex/base/ot1enc.dfu
File: ot1enc.dfu 2017/01/28 v1.1t UTF-8 support for inputenc
   defining Unicode char U+00A0 (decimal 160)
   defining Unicode char U+00A1 (decimal 161)
   defining Unicode char U+00A3 (decimal 163)
   defining Unicode char U+00AD (decimal 173)
   defining Unicode char U+00B8 (decimal 184)
   defining Unicode char U+00BF (decimal 191)
   defining Unicode char U+00C5 (decimal 197)
   defining Unicode char U+00C6 (decimal 198)
   defining Unicode char U+00D8 (decimal 216)
   defining Unicode char U+00DF (decimal 223)
   defining Unicode char U+00E6 (decimal 230)
   defining Unicode char U+00EC (decimal 236)
   defining Unicode char U+00ED (decimal 237)
   defining Unicode char U+00EE (decimal 238)
   defining Unicode char U+00EF (decimal 239)
   defining Unicode char U+00F8 (decimal 248)
   defining Unicode char U+0131 (decimal 305)
   defining Unicode char U+0141 (decimal 321)
   defining Unicode char U+0142 (decimal 322)
   defining Unicode char U+0152 (decimal 338)
   defining Unicode char U+0153 (decimal 339)
   defining Unicode char U+0174 (decimal 372)
   defining Unicode char U+0175 (decimal 373)
   defining Unicode char U+0176 (decimal 374)
   defining Unicode char U+0177 (decimal 375)
   defining Unicode char U+0218 (decimal 536)
   defining Unicode char U+0219 (decimal 537)
   defining Unicode char U+021A (decimal 538)
   defining Unicode char U+021B (decimal 539)
   defining Unicode char U+2013 (decimal 8211)
   defining Unicode char U+2014 (decimal 8212)
   defining Unicode char U+2018 (decimal 8216)
   defining Unicode char U+2019 (decimal 8217)
   defining Unicode char U+201C (decimal 8220)
   defining Unicode char U+201D (decimal 8221)
)
Now handling font encoding OMS ...
... processing UTF-8 mapping file for font encoding OMS

(/usr/local/texlive/2017/texmf-dist/tex/latex/base/omsenc.dfu
File: omsenc.dfu 2017/01/28 v1.1t UTF-8 support for inputenc
   defining Unicode char U+00A7 (decimal 167)
   defining Unicode char U+00B6 (decimal 182)
   defining Unicode char U+00B7 (decimal 183)
   defining Unicode char U+2020 (decimal 8224)
   defining Unicode char U+2021 (decimal 8225)
   defining Unicode char U+2022 (decimal 8226)
)
Now handling font encoding OMX ...
... no UTF-8 mapping file for font encoding OMX
Now handling font encoding U ...
... no UTF-8 mapping file for font encoding U
   defining Unicode char U+00A9 (decimal 169)
   defining Unicode char U+00AA (decimal 170)
   defining Unicode char U+00AE (decimal 174)
   defining Unicode char U+00BA (decimal 186)
   defining Unicode char U+02C6 (decimal 710)
   defining Unicode char U+02DC (decimal 732)
   defining Unicode char U+200C (decimal 8204)
   defining Unicode char U+2026 (decimal 8230)
   defining Unicode char U+2122 (decimal 8482)
   defining Unicode char U+2423 (decimal 9251)
))
(/usr/local/texlive/2017/texmf-dist/tex/generic/babel/babel.sty
Package: babel 2017/05/19 3.10 The Babel package

(/usr/local/texlive/2017/texmf-dist/tex/generic/babel-english/english.ldf
Language: english 2017/01/24 v3.3q English support from the babel system

(/usr/local/texlive/2017/texmf-dist/tex/generic/babel/babel.def
File: babel.def 2017/05/19 3.10 Babel common definitions
\babel@savecnt=\count88
\U@D=\dimen109
)
\l@canadian = a dialect from \language\l@american 
\l@australian = a dialect from \language\l@british 
\l@newzealand = a dialect from \language\l@british 
))
(/usr/local/texlive/2017/texmf-dist/tex/latex/comment/comment.sty
\CommentStream=\write3

Excluding comment 'comment')
(/usr/local/texlive/2017/texmf-dist/tex/latex/float/float.sty
Package: float 2001/11/08 v1.3d Float enhancements (AL)
\c@float@type=\count89
\float@exts=\toks17
\float@box=\box26
\@float@everytoks=\toks18
\@floatcapt=\box27
)
(/usr/local/texlive/2017/texmf-dist/tex/latex/preprint/fullpage.sty
Package: fullpage 1999/02/23 1.1 (PWD)
\FP@margin=\skip44
)
(/usr/local/texlive/2017/texmf-dist/tex/latex/amsmath/amsmath.sty
Package: amsmath 2016/11/05 v2.16a AMS math features
\@mathmargin=\skip45

For additional information on amsmath, use the `?' option.
(/usr/local/texlive/2017/texmf-dist/tex/latex/amsmath/amstext.sty
Package: amstext 2000/06/29 v2.01 AMS text

(/usr/local/texlive/2017/texmf-dist/tex/latex/amsmath/amsgen.sty
File: amsgen.sty 1999/11/30 v2.0 generic functions
\@emptytoks=\toks19
\ex@=\dimen110
))
(/usr/local/texlive/2017/texmf-dist/tex/latex/amsmath/amsbsy.sty
Package: amsbsy 1999/11/29 v1.2d Bold Symbols
\pmbraise@=\dimen111
)
(/usr/local/texlive/2017/texmf-dist/tex/latex/amsmath/amsopn.sty
Package: amsopn 2016/03/08 v2.02 operator names
)
\inf@bad=\count90
LaTeX Info: Redefining \frac on input line 213.
\uproot@=\count91
\leftroot@=\count92
LaTeX Info: Redefining \overline on input line 375.
\classnum@=\count93
\DOTSCASE@=\count94
LaTeX Info: Redefining \ldots on input line 472.
LaTeX Info: Redefining \dots on input line 475.
LaTeX Info: Redefining \cdots on input line 596.
\Mathstrutbox@=\box28
\strutbox@=\box29
\big@size=\dimen112
LaTeX Font Info:    Redeclaring font encoding OML on input line 712.
LaTeX Font Info:    Redeclaring font encoding OMS on input line 713.
\macc@depth=\count95
\c@MaxMatrixCols=\count96
\dotsspace@=\muskip10
\c@parentequation=\count97
\dspbrk@lvl=\count98
\tag@help=\toks20
\row@=\count99
\column@=\count100
\maxfields@=\count101
\andhelp@=\toks21
\eqnshift@=\dimen113
\alignsep@=\dimen114
\tagshift@=\dimen115
\tagwidth@=\dimen116
\totwidth@=\dimen117
\lineht@=\dimen118
\@envbody=\toks22
\multlinegap=\skip46
\multlinetaggap=\skip47
\mathdisplay@stack=\toks23
LaTeX Info: Redefining \[ on input line 2817.
LaTeX Info: Redefining \] on input line 2818.
)
(/usr/local/texlive/2017/texmf-dist/tex/latex/amsfonts/amsfonts.sty
Package: amsfonts 2013/01/14 v3.01 Basic AMSFonts support
\symAMSa=\mathgroup4
\symAMSb=\mathgroup5
LaTeX Font Info:    Overwriting math alphabet `\mathfrak' in version `bold'
(Font)                  U/euf/m/n --> U/euf/b/n on input line 106.
)
(/usr/local/texlive/2017/texmf-dist/tex/latex/amscls/amsthm.sty
Package: amsthm 2015/03/04 v2.20.2
\thm@style=\toks24
\thm@bodyfont=\toks25
\thm@headfont=\toks26
\thm@notefont=\toks27
\thm@headpunct=\toks28
\thm@preskip=\skip48
\thm@postskip=\skip49
\thm@headsep=\skip50
\dth@everypar=\toks29
)
(/usr/local/texlive/2017/texmf-dist/tex/latex/amsfonts/amssymb.sty
Package: amssymb 2013/01/14 v3.01 AMS font symbols
)
(/usr/local/texlive/2017/texmf-dist/tex/latex/tools/bm.sty
Package: bm 2017/01/16 v1.2c Bold Symbol Support (DPC/FMi)
\symboldoperators=\mathgroup6
\symboldletters=\mathgroup7
\symboldsymbols=\mathgroup8
LaTeX Font Info:    Redeclaring math alphabet \mathbf on input line 141.
LaTeX Info: Redefining \bm on input line 207.
)
(/usr/local/texlive/2017/texmf-dist/tex/latex/tools/indentfirst.sty
Package: indentfirst 1995/11/23 v1.03 Indent first paragraph (DPC)
)
(/usr/local/texlive/2017/texmf-dist/tex/latex/subfig/subfig.sty
Package: subfig 2005/06/28 ver: 1.3 subfig package

(/usr/local/texlive/2017/texmf-dist/tex/latex/caption/caption.sty
Package: caption 2016/02/21 v3.3-144 Customizing captions (AR)

(/usr/local/texlive/2017/texmf-dist/tex/latex/caption/caption3.sty
Package: caption3 2016/05/22 v1.7-166 caption3 kernel (AR)
Package caption3 Info: TeX engine: e-TeX on input line 67.
\captionmargin=\dimen119
\captionmargin@=\dimen120
\captionwidth=\dimen121
\caption@tempdima=\dimen122
\caption@indent=\dimen123
\caption@parindent=\dimen124
\caption@hangindent=\dimen125
)
\c@ContinuedFloat=\count102
Package caption Info: float package is loaded.
)
\c@KVtest=\count103
\sf@farskip=\skip51
\sf@captopadj=\dimen126
\sf@capskip=\skip52
\sf@nearskip=\skip53
\c@subfigure=\count104
\c@subfigure@save=\count105
\c@lofdepth=\count106
\c@subtable=\count107
\c@subtable@save=\count108
\c@lotdepth=\count109
\sf@top=\skip54
\sf@bottom=\skip55
)
(/usr/local/texlive/2017/texmf-dist/tex/latex/hyperref/hyperref.sty
Package: hyperref 2017/03/14 v6.85a Hypertext links for LaTeX

(/usr/local/texlive/2017/texmf-dist/tex/generic/oberdiek/hobsub-hyperref.sty
Package: hobsub-hyperref 2016/05/16 v1.14 Bundle oberdiek, subset hyperref (HO)


(/usr/local/texlive/2017/texmf-dist/tex/generic/oberdiek/hobsub-generic.sty
Package: hobsub-generic 2016/05/16 v1.14 Bundle oberdiek, subset generic (HO)
Package: hobsub 2016/05/16 v1.14 Construct package bundles (HO)
Package hobsub Info: Skipping package `infwarerr' (already loaded).
Package hobsub Info: Skipping package `ltxcmds' (already loaded).
Package: ifluatex 2016/05/16 v1.4 Provides the ifluatex switch (HO)
Package ifluatex Info: LuaTeX not detected.
Package: ifvtex 2016/05/16 v1.6 Detect VTeX and its facilities (HO)
Package ifvtex Info: VTeX not detected.
Package: intcalc 2016/05/16 v1.2 Expandable calculations with integers (HO)
Package: ifpdf 2017/03/15 v3.2 Provides the ifpdf switch
Package: etexcmds 2016/05/16 v1.6 Avoid name clashes with e-TeX commands (HO)
Package etexcmds Info: Could not find \expanded.
(etexcmds)             That can mean that you are not using pdfTeX 1.50 or
(etexcmds)             that some package has redefined \expanded.
(etexcmds)             In the latter case, load this package earlier.
Package: kvsetkeys 2016/05/16 v1.17 Key value parser (HO)
Package: kvdefinekeys 2016/05/16 v1.4 Define keys (HO)
Package: pdftexcmds 2017/03/19 v0.25 Utility functions of pdfTeX for LuaTeX (HO
)
Package pdftexcmds Info: LuaTeX not detected.
Package pdftexcmds Info: \pdf@primitive is available.
Package pdftexcmds Info: \pdf@ifprimitive is available.
Package pdftexcmds Info: \pdfdraftmode found.
Package: pdfescape 2016/05/16 v1.14 Implements pdfTeX's escape features (HO)
Package: bigintcalc 2016/05/16 v1.4 Expandable calculations on big integers (HO
)
Package: bitset 2016/05/16 v1.2 Handle bit-vector datatype (HO)
Package: uniquecounter 2016/05/16 v1.3 Provide unlimited unique counter (HO)
)
Package hobsub Info: Skipping package `hobsub' (already loaded).
Package: letltxmacro 2016/05/16 v1.5 Let assignment for LaTeX macros (HO)
Package: hopatch 2016/05/16 v1.3 Wrapper for package hooks (HO)
Package: xcolor-patch 2016/05/16 xcolor patch
Package: atveryend 2016/05/16 v1.9 Hooks at the very end of document (HO)
Package atveryend Info: \enddocument detected (standard20110627).
Package: atbegshi 2016/06/09 v1.18 At begin shipout hook (HO)
Package: refcount 2016/05/16 v3.5 Data extraction from label references (HO)
Package: hycolor 2016/05/16 v1.8 Color options for hyperref/bookmark (HO)
)
(/usr/local/texlive/2017/texmf-dist/tex/generic/ifxetex/ifxetex.sty
Package: ifxetex 2010/09/12 v0.6 Provides ifxetex conditional
)
(/usr/local/texlive/2017/texmf-dist/tex/latex/oberdiek/auxhook.sty
Package: auxhook 2016/05/16 v1.4 Hooks for auxiliary files (HO)
)
(/usr/local/texlive/2017/texmf-dist/tex/latex/oberdiek/kvoptions.sty
Package: kvoptions 2016/05/16 v3.12 Key value format for package options (HO)
)
\@linkdim=\dimen127
\Hy@linkcounter=\count110
\Hy@pagecounter=\count111

(/usr/local/texlive/2017/texmf-dist/tex/latex/hyperref/pd1enc.def
File: pd1enc.def 2017/03/14 v6.85a Hyperref: PDFDocEncoding definition (HO)
Now handling font encoding PD1 ...
... no UTF-8 mapping file for font encoding PD1
)
\Hy@SavedSpaceFactor=\count112

(/usr/local/texlive/2017/texmf-dist/tex/latex/latexconfig/hyperref.cfg
File: hyperref.cfg 2002/06/06 v1.2 hyperref configuration of TeXLive
)
Package hyperref Info: Hyper figures OFF on input line 4498.
Package hyperref Info: Link nesting OFF on input line 4503.
Package hyperref Info: Hyper index ON on input line 4506.
Package hyperref Info: Plain pages OFF on input line 4513.
Package hyperref Info: Backreferencing OFF on input line 4518.
Package hyperref Info: Implicit mode ON; LaTeX internals redefined.
Package hyperref Info: Bookmarks ON on input line 4751.
\c@Hy@tempcnt=\count113

(/usr/local/texlive/2017/texmf-dist/tex/latex/url/url.sty
\Urlmuskip=\muskip11
Package: url 2013/09/16  ver 3.4  Verb mode for urls, etc.
)
LaTeX Info: Redefining \url on input line 5104.
\XeTeXLinkMargin=\dimen128
\Fld@menulength=\count114
\Field@Width=\dimen129
\Fld@charsize=\dimen130
Package hyperref Info: Hyper figures OFF on input line 6358.
Package hyperref Info: Link nesting OFF on input line 6363.
Package hyperref Info: Hyper index ON on input line 6366.
Package hyperref Info: backreferencing OFF on input line 6373.
Package hyperref Info: Link coloring OFF on input line 6378.
Package hyperref Info: Link coloring with OCG OFF on input line 6383.
Package hyperref Info: PDF/A mode OFF on input line 6388.
LaTeX Info: Redefining \ref on input line 6428.
LaTeX Info: Redefining \pageref on input line 6432.
\Hy@abspage=\count115
\c@Item=\count116
\c@Hfootnote=\count117
)

Package hyperref Message: Driver (autodetected): hpdftex.

(/usr/local/texlive/2017/texmf-dist/tex/latex/hyperref/hpdftex.def
File: hpdftex.def 2017/03/14 v6.85a Hyperref driver for pdfTeX
\Fld@listcount=\count118
\c@bookmark@seq@number=\count119

(/usr/local/texlive/2017/texmf-dist/tex/latex/oberdiek/rerunfilecheck.sty
Package: rerunfilecheck 2016/05/16 v1.8 Rerun checks for auxiliary files (HO)
Package uniquecounter Info: New unique counter `rerunfilecheck' on input line 2
82.
)
\Hy@SectionHShift=\skip56
)
(/usr/local/texlive/2017/texmf-dist/tex/latex/base/textcomp.sty
Package: textcomp 2017/04/05 v2.0i Standard LaTeX package
Package textcomp Info: Sub-encoding information:
(textcomp)               5 = only ISO-Adobe without \textcurrency
(textcomp)               4 = 5 + \texteuro
(textcomp)               3 = 4 + \textohm
(textcomp)               2 = 3 + \textestimated + \textcurrency
(textcomp)               1 = TS1 - \textcircled - \t
(textcomp)               0 = TS1 (full)
(textcomp)             Font families with sub-encoding setting implement
(textcomp)             only a restricted character set as indicated.
(textcomp)             Family '?' is the default used for unknown fonts.
(textcomp)             See the documentation for details.
Package textcomp Info: Setting ? sub-encoding to TS1/1 on input line 79.

(/usr/local/texlive/2017/texmf-dist/tex/latex/base/ts1enc.def
File: ts1enc.def 2001/06/05 v3.0e (jk/car/fm) Standard LaTeX file
Now handling font encoding TS1 ...
... processing UTF-8 mapping file for font encoding TS1

(/usr/local/texlive/2017/texmf-dist/tex/latex/base/ts1enc.dfu
File: ts1enc.dfu 2017/01/28 v1.1t UTF-8 support for inputenc
   defining Unicode char U+00A2 (decimal 162)
   defining Unicode char U+00A3 (decimal 163)
   defining Unicode char U+00A4 (decimal 164)
   defining Unicode char U+00A5 (decimal 165)
   defining Unicode char U+00A6 (decimal 166)
   defining Unicode char U+00A7 (decimal 167)
   defining Unicode char U+00A8 (decimal 168)
   defining Unicode char U+00A9 (decimal 169)
   defining Unicode char U+00AA (decimal 170)
   defining Unicode char U+00AC (decimal 172)
   defining Unicode char U+00AE (decimal 174)
   defining Unicode char U+00AF (decimal 175)
   defining Unicode char U+00B0 (decimal 176)
   defining Unicode char U+00B1 (decimal 177)
   defining Unicode char U+00B2 (decimal 178)
   defining Unicode char U+00B3 (decimal 179)
   defining Unicode char U+00B4 (decimal 180)
   defining Unicode char U+00B5 (decimal 181)
   defining Unicode char U+00B6 (decimal 182)
   defining Unicode char U+00B7 (decimal 183)
   defining Unicode char U+00B9 (decimal 185)
   defining Unicode char U+00BA (decimal 186)
   defining Unicode char U+00BC (decimal 188)
   defining Unicode char U+00BD (decimal 189)
   defining Unicode char U+00BE (decimal 190)
   defining Unicode char U+00D7 (decimal 215)
   defining Unicode char U+00F7 (decimal 247)
   defining Unicode char U+0192 (decimal 402)
   defining Unicode char U+02C7 (decimal 711)
   defining Unicode char U+02D8 (decimal 728)
   defining Unicode char U+02DD (decimal 733)
   defining Unicode char U+0E3F (decimal 3647)
   defining Unicode char U+2016 (decimal 8214)
   defining Unicode char U+2020 (decimal 8224)
   defining Unicode char U+2021 (decimal 8225)
   defining Unicode char U+2022 (decimal 8226)
   defining Unicode char U+2030 (decimal 8240)
   defining Unicode char U+2031 (decimal 8241)
   defining Unicode char U+203B (decimal 8251)
   defining Unicode char U+203D (decimal 8253)
   defining Unicode char U+2044 (decimal 8260)
   defining Unicode char U+204E (decimal 8270)
   defining Unicode char U+2052 (decimal 8274)
   defining Unicode char U+20A1 (decimal 8353)
   defining Unicode char U+20A4 (decimal 8356)
   defining Unicode char U+20A6 (decimal 8358)
   defining Unicode char U+20A9 (decimal 8361)
   defining Unicode char U+20AB (decimal 8363)
   defining Unicode char U+20AC (decimal 8364)
   defining Unicode char U+20B1 (decimal 8369)
   defining Unicode char U+2103 (decimal 8451)
   defining Unicode char U+2116 (decimal 8470)
   defining Unicode char U+2117 (decimal 8471)
   defining Unicode char U+211E (decimal 8478)
   defining Unicode char U+2120 (decimal 8480)
   defining Unicode char U+2122 (decimal 8482)
   defining Unicode char U+2126 (decimal 8486)
   defining Unicode char U+2127 (decimal 8487)
   defining Unicode char U+212E (decimal 8494)
   defining Unicode char U+2190 (decimal 8592)
   defining Unicode char U+2191 (decimal 8593)
   defining Unicode char U+2192 (decimal 8594)
   defining Unicode char U+2193 (decimal 8595)
   defining Unicode char U+2329 (decimal 9001)
   defining Unicode char U+232A (decimal 9002)
   defining Unicode char U+2422 (decimal 9250)
   defining Unicode char U+25E6 (decimal 9702)
   defining Unicode char U+25EF (decimal 9711)
   defining Unicode char U+266A (decimal 9834)
))
LaTeX Info: Redefining \oldstylenums on input line 334.
Package textcomp Info: Setting cmr sub-encoding to TS1/0 on input line 349.
Package textcomp Info: Setting cmss sub-encoding to TS1/0 on input line 350.
Package textcomp Info: Setting cmtt sub-encoding to TS1/0 on input line 351.
Package textcomp Info: Setting cmvtt sub-encoding to TS1/0 on input line 352.
Package textcomp Info: Setting cmbr sub-encoding to TS1/0 on input line 353.
Package textcomp Info: Setting cmtl sub-encoding to TS1/0 on input line 354.
Package textcomp Info: Setting ccr sub-encoding to TS1/0 on input line 355.
Package textcomp Info: Setting ptm sub-encoding to TS1/4 on input line 356.
Package textcomp Info: Setting pcr sub-encoding to TS1/4 on input line 357.
Package textcomp Info: Setting phv sub-encoding to TS1/4 on input line 358.
Package textcomp Info: Setting ppl sub-encoding to TS1/3 on input line 359.
Package textcomp Info: Setting pag sub-encoding to TS1/4 on input line 360.
Package textcomp Info: Setting pbk sub-encoding to TS1/4 on input line 361.
Package textcomp Info: Setting pnc sub-encoding to TS1/4 on input line 362.
Package textcomp Info: Setting pzc sub-encoding to TS1/4 on input line 363.
Package textcomp Info: Setting bch sub-encoding to TS1/4 on input line 364.
Package textcomp Info: Setting put sub-encoding to TS1/5 on input line 365.
Package textcomp Info: Setting uag sub-encoding to TS1/5 on input line 366.
Package textcomp Info: Setting ugq sub-encoding to TS1/5 on input line 367.
Package textcomp Info: Setting ul8 sub-encoding to TS1/4 on input line 368.
Package textcomp Info: Setting ul9 sub-encoding to TS1/4 on input line 369.
Package textcomp Info: Setting augie sub-encoding to TS1/5 on input line 370.
Package textcomp Info: Setting dayrom sub-encoding to TS1/3 on input line 371.
Package textcomp Info: Setting dayroms sub-encoding to TS1/3 on input line 372.

Package textcomp Info: Setting pxr sub-encoding to TS1/0 on input line 373.
Package textcomp Info: Setting pxss sub-encoding to TS1/0 on input line 374.
Package textcomp Info: Setting pxtt sub-encoding to TS1/0 on input line 375.
Package textcomp Info: Setting txr sub-encoding to TS1/0 on input line 376.
Package textcomp Info: Setting txss sub-encoding to TS1/0 on input line 377.
Package textcomp Info: Setting txtt sub-encoding to TS1/0 on input line 378.
Package textcomp Info: Setting lmr sub-encoding to TS1/0 on input line 379.
Package textcomp Info: Setting lmdh sub-encoding to TS1/0 on input line 380.
Package textcomp Info: Setting lmss sub-encoding to TS1/0 on input line 381.
Package textcomp Info: Setting lmssq sub-encoding to TS1/0 on input line 382.
Package textcomp Info: Setting lmvtt sub-encoding to TS1/0 on input line 383.
Package textcomp Info: Setting lmtt sub-encoding to TS1/0 on input line 384.
Package textcomp Info: Setting qhv sub-encoding to TS1/0 on input line 385.
Package textcomp Info: Setting qag sub-encoding to TS1/0 on input line 386.
Package textcomp Info: Setting qbk sub-encoding to TS1/0 on input line 387.
Package textcomp Info: Setting qcr sub-encoding to TS1/0 on input line 388.
Package textcomp Info: Setting qcs sub-encoding to TS1/0 on input line 389.
Package textcomp Info: Setting qpl sub-encoding to TS1/0 on input line 390.
Package textcomp Info: Setting qtm sub-encoding to TS1/0 on input line 391.
Package textcomp Info: Setting qzc sub-encoding to TS1/0 on input line 392.
Package textcomp Info: Setting qhvc sub-encoding to TS1/0 on input line 393.
Package textcomp Info: Setting futs sub-encoding to TS1/4 on input line 394.
Package textcomp Info: Setting futx sub-encoding to TS1/4 on input line 395.
Package textcomp Info: Setting futj sub-encoding to TS1/4 on input line 396.
Package textcomp Info: Setting hlh sub-encoding to TS1/3 on input line 397.
Package textcomp Info: Setting hls sub-encoding to TS1/3 on input line 398.
Package textcomp Info: Setting hlst sub-encoding to TS1/3 on input line 399.
Package textcomp Info: Setting hlct sub-encoding to TS1/5 on input line 400.
Package textcomp Info: Setting hlx sub-encoding to TS1/5 on input line 401.
Package textcomp Info: Setting hlce sub-encoding to TS1/5 on input line 402.
Package textcomp Info: Setting hlcn sub-encoding to TS1/5 on input line 403.
Package textcomp Info: Setting hlcw sub-encoding to TS1/5 on input line 404.
Package textcomp Info: Setting hlcf sub-encoding to TS1/5 on input line 405.
Package textcomp Info: Setting pplx sub-encoding to TS1/3 on input line 406.
Package textcomp Info: Setting pplj sub-encoding to TS1/3 on input line 407.
Package textcomp Info: Setting ptmx sub-encoding to TS1/4 on input line 408.
Package textcomp Info: Setting ptmj sub-encoding to TS1/4 on input line 409.
)
(/usr/local/texlive/2017/texmf-dist/tex/latex/tools/array.sty
Package: array 2016/10/06 v2.4d Tabular extension package (FMi)
\col@sep=\dimen131
\extrarowheight=\dimen132
\NC@list=\toks30
\extratabsurround=\skip57
\backup@length=\skip58
)
(/usr/local/texlive/2017/texmf-dist/tex/latex/oberdiek/pdflscape.sty
Package: pdflscape 2016/05/14 v0.11 Display of landscape pages in PDF (HO)

(/usr/local/texlive/2017/texmf-dist/tex/latex/graphics/lscape.sty
Package: lscape 2000/10/22 v3.01 Landscape Pages (DPC)
)
Package pdflscape Info: Auto-detected driver: pdftex on input line 81.
)
Package hyperref Info: Option `colorlinks' set `true' on input line 79.

(/usr/local/texlive/2017/texmf-dist/tex/latex/upquote/upquote.sty
Package: upquote 2012/04/19 v1.3 upright-quote and grave-accent glyphs in verba
tim
) (./main.aux)
\openout1 = `main.aux'.

LaTeX Font Info:    Checking defaults for OML/cmm/m/it on input line 89.
LaTeX Font Info:    ... okay on input line 89.
LaTeX Font Info:    Checking defaults for T1/cmr/m/n on input line 89.
LaTeX Font Info:    ... okay on input line 89.
LaTeX Font Info:    Checking defaults for OT1/cmr/m/n on input line 89.
LaTeX Font Info:    ... okay on input line 89.
LaTeX Font Info:    Checking defaults for OMS/cmsy/m/n on input line 89.
LaTeX Font Info:    ... okay on input line 89.
LaTeX Font Info:    Checking defaults for OMX/cmex/m/n on input line 89.
LaTeX Font Info:    ... okay on input line 89.
LaTeX Font Info:    Checking defaults for U/cmr/m/n on input line 89.
LaTeX Font Info:    ... okay on input line 89.
LaTeX Font Info:    Checking defaults for PD1/pdf/m/n on input line 89.
LaTeX Font Info:    ... okay on input line 89.
LaTeX Font Info:    Checking defaults for TS1/cmr/m/n on input line 89.
LaTeX Font Info:    Try loading font information for TS1+cmr on input line 89.
(/usr/local/texlive/2017/texmf-dist/tex/latex/base/ts1cmr.fd
File: ts1cmr.fd 2014/09/29 v2.5h Standard LaTeX font definitions
)
LaTeX Font Info:    ... okay on input line 89.

(/usr/local/texlive/2017/texmf-dist/tex/context/base/mkii/supp-pdf.mkii
[Loading MPS to PDF converter (version 2006.09.02).]
\scratchcounter=\count120
\scratchdimen=\dimen133
\scratchbox=\box30
\nofMPsegments=\count121
\nofMParguments=\count122
\everyMPshowfont=\toks31
\MPscratchCnt=\count123
\MPscratchDim=\dimen134
\MPnumerator=\count124
\makeMPintoPDFobject=\count125
\everyMPtoPDFconversion=\toks32
) (/usr/local/texlive/2017/texmf-dist/tex/latex/oberdiek/epstopdf-base.sty
Package: epstopdf-base 2016/05/15 v2.6 Base part for package epstopdf

(/usr/local/texlive/2017/texmf-dist/tex/latex/oberdiek/grfext.sty
Package: grfext 2016/05/16 v1.2 Manage graphics extensions (HO)
)
Package epstopdf-base Info: Redefining graphics rule for `.eps' on input line 4
38.
Package grfext Info: Graphics extension search list:
(grfext)             [.png,.pdf,.jpg,.mps,.jpeg,.jbig2,.jb2,.PNG,.PDF,.JPG,.JPE
G,.JBIG2,.JB2,.eps]
(grfext)             \AppendGraphicsExtensions on input line 456.

(/usr/local/texlive/2017/texmf-dist/tex/latex/latexconfig/epstopdf-sys.cfg
File: epstopdf-sys.cfg 2010/07/13 v1.3 Configuration of (r)epstopdf for TeX Liv
e
))
Package caption Info: Begin \AtBeginDocument code.
Package caption Info: subfig package v1.3 is loaded.
Package caption Info: hyperref package is loaded.
Package caption Info: End \AtBeginDocument code.
\AtBeginShipoutBox=\box31
Package hyperref Info: Link coloring ON on input line 89.

(/usr/local/texlive/2017/texmf-dist/tex/latex/hyperref/nameref.sty
Package: nameref 2016/05/21 v2.44 Cross-referencing by name of section

(/usr/local/texlive/2017/texmf-dist/tex/generic/oberdiek/gettitlestring.sty
Package: gettitlestring 2016/05/16 v1.5 Cleanup title references (HO)
)
\c@section@level=\count126
)
LaTeX Info: Redefining \ref on input line 89.
LaTeX Info: Redefining \pageref on input line 89.
LaTeX Info: Redefining \nameref on input line 89.

(./main.out) (./main.out)
\@outlinefile=\write4
\openout4 = `main.out'.

LaTeX Font Info:    Try loading font information for U+msa on input line 91.

(/usr/local/texlive/2017/texmf-dist/tex/latex/amsfonts/umsa.fd
File: umsa.fd 2013/01/14 v3.01 AMS symbols A
)
LaTeX Font Info:    Try loading font information for U+msb on input line 91.

(/usr/local/texlive/2017/texmf-dist/tex/latex/amsfonts/umsb.fd
File: umsb.fd 2013/01/14 v3.01 AMS symbols B
) (./main.toc)
\tf@toc=\write5
\openout5 = `main.toc'.


[1

{/usr/local/texlive/2017/texmf-var/fonts/map/pdftex/updmap/pdftex.map}]
(./main.lof)
\tf@lof=\write6
\openout6 = `main.lof'.

 (./main.lot)
\tf@lot=\write7
\openout7 = `main.lot'.

 [2]pdfTeX warning (ext4): destination with the same identifier (name{page.1}) 
has been already used, duplicate ignored
<to be read again> 
                   \relax 
l.146 
       [1

]
Package color Info: Redefining color shadecolor on input line 148.
 <figure/overall-1.pdf, id=173, 505.89pt x 505.89pt>
File: figure/overall-1.pdf Graphic file (type pdf)

<use figure/overall-1.pdf>
Package pdftex.def Info: figure/overall-1.pdf used on input line 150.
(pdftex.def)             Requested size: 211.38832pt x 211.39165pt.
 <figure/overall-2.pdf, id=174, 505.89pt x 505.89pt>
File: figure/overall-2.pdf Graphic file (type pdf)

<use figure/overall-2.pdf>
Package pdftex.def Info: figure/overall-2.pdf used on input line 151.
(pdftex.def)             Requested size: 211.38832pt x 211.39165pt.
Package color Info: Redefining color shadecolor on input line 165.
 <figure/pairs-1.pdf, id=175, 505.89pt x 505.89pt>
File: figure/pairs-1.pdf Graphic file (type pdf)

<use figure/pairs-1.pdf>
Package pdftex.def Info: figure/pairs-1.pdf used on input line 167.
(pdftex.def)             Requested size: 258.36668pt x 258.371pt.
pdfTeX warning (ext4): destination with the same identifier (name{page.2}) has 
been already used, duplicate ignored
<to be read again> 
                   \relax 
l.173 
       [2 <./figure/overall-1.pdf> <./figure/overall-2.pdf>] [3 <./figure/pairs
-1.pdf>]
Package color Info: Redefining color shadecolor on input line 182.
 <figure/cf_plot-1.pdf, id=203, 505.89pt x 505.89pt>
File: figure/cf_plot-1.pdf Graphic file (type pdf)

<use figure/cf_plot-1.pdf>
Package pdftex.def Info: figure/cf_plot-1.pdf used on input line 184.
(pdftex.def)             Requested size: 328.82707pt x 328.8323pt.
 <figure/cf_plot-2.pdf, id=204, 505.89pt x 505.89pt>
File: figure/cf_plot-2.pdf Graphic file (type pdf)

<use figure/cf_plot-2.pdf>
Package pdftex.def Info: figure/cf_plot-2.pdf used on input line 185.
(pdftex.def)             Requested size: 328.82707pt x 328.8323pt.

Overfull \hbox (43.8908pt too wide) in paragraph at lines 184--186
 [][][][] 
 []

[4

 <./figure/cf_plot-1.pdf> <./figure/cf_plot-2.pdf>]
Underfull \hbox (badness 10000) in paragraph at lines 229--230

 []

Package color Info: Redefining color shadecolor on input line 236.
<figure/ts_1-1.pdf, id=230, 505.89pt x 505.89pt>
File: figure/ts_1-1.pdf Graphic file (type pdf)
 <use figure/ts_1-1.pdf>
Package pdftex.def Info: figure/ts_1-1.pdf used on input line 238.
(pdftex.def)             Requested size: 234.8775pt x 234.88132pt.

<figure/ts_1-2.pdf, id=231, 505.89pt x 505.89pt>
File: figure/ts_1-2.pdf Graphic file (type pdf)
 <use figure/ts_1-2.pdf>
Package pdftex.def Info: figure/ts_1-2.pdf used on input line 239.
(pdftex.def)             Requested size: 234.8775pt x 234.88132pt.

Overfull \hbox (6.66664pt too wide) in paragraph at lines 238--240
 [][][][] 
 []

[5

]
Package color Info: Redefining color shadecolor on input line 250.
 <figure/ts_2-1.pdf, id=238, 505.89pt x 505.89pt>
File: figure/ts_2-1.pdf Graphic file (type pdf)
 <use figure/ts_2-1.pdf>
Package pdftex.def Info: figure/ts_2-1.pdf used on input line 252.
(pdftex.def)             Requested size: 305.33789pt x 305.34264pt.

[6 <./figure/ts_1-1.pdf> <./figure/ts_1-2.pdf>]
Overfull \hbox (2.74086pt too wide) detected at line 267
[]
 []


Underfull \hbox (badness 10000) in paragraph at lines 269--270

 []

[7 <./figure/ts_2-1.pdf>]
Overfull \hbox (9.2458pt too wide) in paragraph at lines 316--317
[]\OT1/cmr/m/n/10 After the ini-tial model iden-ti-fi-ca-tion, we nar-row down 
to two can-di-dates for the resid-ual mod-els: ARMA(1,1)
 []

Package color Info: Redefining color shadecolor on input line 319.
<figure/ts_3-1.pdf, id=273, 505.89pt x 505.89pt>
File: figure/ts_3-1.pdf Graphic file (type pdf)
 <use figure/ts_3-1.pdf>
Package pdftex.def Info: figure/ts_3-1.pdf used on input line 321.
(pdftex.def)             Requested size: 234.8775pt x 234.88132pt.

<figure/ts_3-2.pdf, id=274, 505.89pt x 505.89pt>
File: figure/ts_3-2.pdf Graphic file (type pdf)
 <use figure/ts_3-2.pdf>
Package pdftex.def Info: figure/ts_3-2.pdf used on input line 322.
(pdftex.def)             Requested size: 234.8775pt x 234.88132pt.

Overfull \hbox (6.66664pt too wide) in paragraph at lines 321--323
 [][][][] 
 []

[8]
Package color Info: Redefining color shadecolor on input line 333.
 <figure/ts_4-1.pdf, id=280, 505.89pt x 505.89pt>
File: figure/ts_4-1.pdf Graphic file (type pdf)
 <use figure/ts_4-1.pdf>
Package pdftex.def Info: figure/ts_4-1.pdf used on input line 335.
(pdftex.def)             Requested size: 234.8775pt x 234.88132pt.

<figure/ts_4-2.pdf, id=281, 505.89pt x 505.89pt>
File: figure/ts_4-2.pdf Graphic file (type pdf)
 <use figure/ts_4-2.pdf>
Package pdftex.def Info: figure/ts_4-2.pdf used on input line 336.
(pdftex.def)             Requested size: 234.8775pt x 234.88132pt.

Overfull \hbox (6.66664pt too wide) in paragraph at lines 335--337
 [][][][] 
 []

[9 <./figure/ts_3-1.pdf> <./figure/ts_3-2.pdf> <./figure/ts_4-1.pdf> <./figure/
ts_4-2.pdf>]
Package color Info: Redefining color shadecolor on input line 353.
 <figure/ts_5-1.pdf, id=313, 505.89pt x 505.89pt>
File: figure/ts_5-1.pdf Graphic file (type pdf)

<use figure/ts_5-1.pdf>
Package pdftex.def Info: figure/ts_5-1.pdf used on input line 355.
(pdftex.def)             Requested size: 234.8775pt x 234.88132pt.
 <figure/ts_5-2.pdf, id=314, 505.89pt x 505.89pt>
File: figure/ts_5-2.pdf Graphic file (type pdf)

<use figure/ts_5-2.pdf>
Package pdftex.def Info: figure/ts_5-2.pdf used on input line 356.
(pdftex.def)             Requested size: 234.8775pt x 234.88132pt.

Overfull \hbox (6.66664pt too wide) in paragraph at lines 355--357
 [][][][] 
 []

Package color Info: Redefining color shadecolor on input line 367.
<figure/ts_6-1.pdf, id=315, 505.89pt x 505.89pt>
File: figure/ts_6-1.pdf Graphic file (type pdf)
 <use figure/ts_6-1.pdf>
Package pdftex.def Info: figure/ts_6-1.pdf used on input line 369.
(pdftex.def)             Requested size: 234.8775pt x 234.88132pt.

<figure/ts_6-2.pdf, id=316, 505.89pt x 505.89pt>
File: figure/ts_6-2.pdf Graphic file (type pdf)
 <use figure/ts_6-2.pdf>
Package pdftex.def Info: figure/ts_6-2.pdf used on input line 370.
(pdftex.def)             Requested size: 234.8775pt x 234.88132pt.

Overfull \hbox (6.66664pt too wide) in paragraph at lines 369--371
 [][][][] 
 []

[10 <./figure/ts_5-1.pdf> <./figure/ts_5-2.pdf>]
Package color Info: Redefining color shadecolor on input line 389.

<figure/ts_7-1.pdf, id=336, 505.89pt x 505.89pt>
File: figure/ts_7-1.pdf Graphic file (type pdf)
 <use figure/ts_7-1.pdf>
Package pdftex.def Info: figure/ts_7-1.pdf used on input line 391.
(pdftex.def)             Requested size: 305.33789pt x 305.34264pt.

[11 <./figure/ts_6-1.pdf> <./figure/ts_6-2.pdf>]
Package color Info: Redefining color shadecolor on input line 437.

<figure/var_2-1.pdf, id=357, 505.89pt x 505.89pt>
File: figure/var_2-1.pdf Graphic file (type pdf)
 <use figure/var_2-1.pdf>
Package pdftex.def Info: figure/var_2-1.pdf used on input line 439.
(pdftex.def)             Requested size: 211.38832pt x 211.39165pt.

<figure/var_2-2.pdf, id=358, 505.89pt x 505.89pt>
File: figure/var_2-2.pdf Graphic file (type pdf)
 <use figure/var_2-2.pdf>
Package pdftex.def Info: figure/var_2-2.pdf used on input line 440.
(pdftex.def)             Requested size: 211.38832pt x 211.39165pt.

[12 <./figure/ts_7-1.pdf>]
Package color Info: Redefining color shadecolor on input line 453.
 <figure/var_3-1.pdf, id=370, 505.89pt x 505.89pt>
File: figure/var_3-1.pdf Graphic file (type pdf)

<use figure/var_3-1.pdf>
Package pdftex.def Info: figure/var_3-1.pdf used on input line 455.
(pdftex.def)             Requested size: 211.38832pt x 211.39165pt.
 <figure/var_3-2.pdf, id=371, 505.89pt x 505.89pt>
File: figure/var_3-2.pdf Graphic file (type pdf)

<use figure/var_3-2.pdf>
Package pdftex.def Info: figure/var_3-2.pdf used on input line 456.
(pdftex.def)             Requested size: 211.38832pt x 211.39165pt.
 [13 <./figure/var_2-1.pdf> <./figure/var_2-2.pdf>]
[14 <./figure/var_3-1.pdf> <./figure/var_3-2.pdf>]
Package color Info: Redefining color shadecolor on input line 474.

<figure/var_4-1.pdf, id=406, 505.89pt x 505.89pt>
File: figure/var_4-1.pdf Graphic file (type pdf)
 <use figure/var_4-1.pdf>
Package pdftex.def Info: figure/var_4-1.pdf used on input line 476.
(pdftex.def)             Requested size: 305.33789pt x 305.34264pt.

<figure/var_4-2.pdf, id=407, 505.89pt x 505.89pt>
File: figure/var_4-2.pdf Graphic file (type pdf)
 <use figure/var_4-2.pdf>
Package pdftex.def Info: figure/var_4-2.pdf used on input line 477.
(pdftex.def)             Requested size: 305.33789pt x 305.34264pt.

[15

 <./figure/var_4-1.pdf> <./figure/var_4-2.pdf>]
Package color Info: Redefining color shadecolor on input line 494.

<figure/var_5-1.pdf, id=431, 505.89pt x 505.89pt>
File: figure/var_5-1.pdf Graphic file (type pdf)
 <use figure/var_5-1.pdf>
Package pdftex.def Info: figure/var_5-1.pdf used on input line 496.
(pdftex.def)             Requested size: 234.8775pt x 234.88132pt.

<figure/var_5-2.pdf, id=432, 505.89pt x 505.89pt>
File: figure/var_5-2.pdf Graphic file (type pdf)
 <use figure/var_5-2.pdf>
Package pdftex.def Info: figure/var_5-2.pdf used on input line 497.
(pdftex.def)             Requested size: 234.8775pt x 234.88132pt.

Overfull \hbox (6.66664pt too wide) in paragraph at lines 496--498
 [][][][] 
 []

Package color Info: Redefining color shadecolor on input line 552.
<figure/nn_1-1.pdf, id=437, 505.89pt x 505.89pt>
File: figure/nn_1-1.pdf Graphic file (type pdf)
 <use figure/nn_1-1.pdf>
Package pdftex.def Info: figure/nn_1-1.pdf used on input line 554.
(pdftex.def)             Requested size: 234.8775pt x 234.88132pt.

<figure/nn_1-2.pdf, id=438, 505.89pt x 505.89pt>
File: figure/nn_1-2.pdf Graphic file (type pdf)
 <use figure/nn_1-2.pdf>
Package pdftex.def Info: figure/nn_1-2.pdf used on input line 555.
(pdftex.def)             Requested size: 234.8775pt x 234.88132pt.

Overfull \hbox (6.66664pt too wide) in paragraph at lines 554--556
 [][][][] 
 []

[16

 <./figure/var_5-1.pdf> <./figure/var_5-2.pdf>]
Package color Info: Redefining color shadecolor on input line 570.

<figure/nn_2-1.pdf, id=461, 505.89pt x 505.89pt>
File: figure/nn_2-1.pdf Graphic file (type pdf)
 <use figure/nn_2-1.pdf>
Package pdftex.def Info: figure/nn_2-1.pdf used on input line 572.
(pdftex.def)             Requested size: 234.8775pt x 234.88132pt.

<figure/nn_2-2.pdf, id=462, 505.89pt x 505.89pt>
File: figure/nn_2-2.pdf Graphic file (type pdf)
 <use figure/nn_2-2.pdf>
Package pdftex.def Info: figure/nn_2-2.pdf used on input line 573.
(pdftex.def)             Requested size: 234.8775pt x 234.88132pt.

Overfull \hbox (6.66664pt too wide) in paragraph at lines 572--574
 [][][][] 
 []

[17 <./figure/nn_1-1.pdf> <./figure/nn_1-2.pdf>]
Package color Info: Redefining color shadecolor on input line 589.

<figure/nn_3-1.pdf, id=484, 505.89pt x 505.89pt>
File: figure/nn_3-1.pdf Graphic file (type pdf)
 <use figure/nn_3-1.pdf>
Package pdftex.def Info: figure/nn_3-1.pdf used on input line 591.
(pdftex.def)             Requested size: 305.33789pt x 305.34264pt.

[18 <./figure/nn_2-1.pdf> <./figure/nn_2-2.pdf>]
Package color Info: Redefining color shadecolor on input line 606.

<figure/nn_4-1.pdf, id=504, 505.89pt x 505.89pt>
File: figure/nn_4-1.pdf Graphic file (type pdf)
 <use figure/nn_4-1.pdf>
Package pdftex.def Info: figure/nn_4-1.pdf used on input line 608.
(pdftex.def)             Requested size: 234.8775pt x 234.88132pt.

<figure/nn_4-2.pdf, id=505, 505.89pt x 505.89pt>
File: figure/nn_4-2.pdf Graphic file (type pdf)
 <use figure/nn_4-2.pdf>
Package pdftex.def Info: figure/nn_4-2.pdf used on input line 609.
(pdftex.def)             Requested size: 234.8775pt x 234.88132pt.

Overfull \hbox (6.66664pt too wide) in paragraph at lines 608--610
 [][][][] 
 []

[19 <./figure/nn_3-1.pdf>] [20 <./figure/nn_4-1.pdf> <./figure/nn_4-2.pdf>]
Package color Info: Redefining color shadecolor on input line 655.
LaTeX Font Info:    Font shape `OT1/cmtt/bx/n' in size <10> not available
(Font)              Font shape `OT1/cmtt/m/n' tried instead on input line 658.

Overfull \hbox (102.48999pt too wide) in paragraph at lines 658--658
[][]\OT1/cmtt/m/n/10 pkgs[] []<-[] []c[][]([][]^^Mxtable^^M[][],[] []^^Mastsa^^
M[][],[] []^^Mvars^^M[][],[] []^^MMTS^^M[][],[] []^^Mforeign^^M[][],[] []^^Mfor
ecast^^M[][],[] []^^Mknitr^^M[][],[] []^^Mlubridate^^M[][],[] []^^Mdplyr^^M[][]
,[] []^^Mmagrittr^^M[][])[][] 
 []

Package color Info: Redefining color shadecolor on input line 683.
Package color Info: Redefining color shadecolor on input line 696.
[21]
LaTeX Font Info:    Try loading font information for OMS+cmtt on input line 702
.

(/Library/Frameworks/R.framework/Resources/share/texmf/tex/latex/omscmtt.fd
File: omscmtt.fd 
)
LaTeX Font Info:    Font shape `OMS/cmtt/m/n' in size <10> not available
(Font)              Font shape `OMS/cmsy/m/n' tried instead on input line 702.
Package color Info: Redefining color shadecolor on input line 714.
Package color Info: Redefining color shadecolor on input line 723.
Package color Info: Redefining color shadecolor on input line 746.
Package color Info: Redefining color shadecolor on input line 762.

[22]
Package color Info: Redefining color shadecolor on input line 770.
Package color Info: Redefining color shadecolor on input line 795.

Overfull \hbox (49.99045pt too wide) in paragraph at lines 802--802
[][]\OT1/cmtt/m/n/10 ts_reg_2[] []=[] []Arima[][](train[,[][]^^MNum Deaths^^M[]
[]],[] []order[][]=[][]c[][]([][]2[][],[] []0[][],[] []8[][]),[] []xreg[][]=bin
d,[] []optim.control[][]=[][]list[][]([][]maxit[][]=[][]1000[][]))[][] 
 []

Package color Info: Redefining color shadecolor on input line 816.
[23]
Package color Info: Redefining color shadecolor on input line 834.
Package color Info: Redefining color shadecolor on input line 845.
Package color Info: Redefining color shadecolor on input line 856.
Package color Info: Redefining color shadecolor on input line 877.

Overfull \hbox (23.74068pt too wide) in paragraph at lines 885--885
[][]\OT1/cmtt/m/n/10 rownames[][](tab)[] []<-[] []c[][]([][]^^Mar 1^^M[][],[] [
]^^Mma 1^^M[][],[] []^^Mintercept^^M[][],[] []^^MTrend^^M[][],[] []colnames[][]
(ts_vars)[[][]c[][]([][]2[][]:[][]3[][],[] []1[][],[] []4[][],[] []6[][]:[][]7[
][])])[][] 
 []


Overfull \hbox (18.49072pt too wide) in paragraph at lines 888--888
[][]\OT1/cmtt/m/n/10 xt[] []<-[] []xtable[][](tab,[] []caption[][]=[][]^^MTime 
Series Estimated Coefficients^^M[][],[] []label[][]=[][]^^Mtab:ts_reg^^M[][],[]
 []digits[][]=[][]2[][])[][] 
 []

Package color Info: Redefining color shadecolor on input line 899.
[24]
Overfull \hbox (49.99045pt too wide) in paragraph at lines 913--913
[][]\OT1/cmtt/m/n/10 ts_line[] []<-[] []ts[][]([][]matrix[][]([][]0[][],[] []nc
ol[][]=[][]ncol[][](train_var),[] []nrow[][]=[][]nrow[][](train)),[] []start[][
]=[][]c[][]([][]2002[][],[][]1[][]),[] []frequency[][]=[][]365.25[][])[][] 
 []

Package color Info: Redefining color shadecolor on input line 919.

Overfull \hbox (49.99045pt too wide) in paragraph at lines 932--932
[][]\OT1/cmtt/m/n/10 ts_line[] []<-[] []ts[][]([][]matrix[][]([][]0[][],[] []nc
ol[][]=[][]ncol[][](train_var),[] []nrow[][]=[][]nrow[][](train)),[] []start[][
]=[][]c[][]([][]2002[][],[][]1[][]),[] []frequency[][]=[][]365.25[][])[][] 
 []

Package color Info: Redefining color shadecolor on input line 938.
Package color Info: Redefining color shadecolor on input line 947.

Overfull \hbox (2.74086pt too wide) in paragraph at lines 959--959
[][]\OT1/cmtt/m/n/10 fcast[][]$[][]fcst[][]$[][]^^RNum Deaths^^R[] []<-[] []ts[
][](fcast[][]$[][]fcst[][]$[][]^^RNum Deaths^^R,[] []start[][]=[][]c[][]([][]20
06[][],[] []1[][]),[] []frequency[][]=[][]365.25[][])[][] 
 []


Overfull \hbox (49.99045pt too wide) in paragraph at lines 967--967
[][]\OT1/cmtt/m/n/10 results[,[] []2[][]][] []<-[] []c[][]([][]AIC[][](var_fit_
1),[] []mean[][]((test[,[][]^^MNum Deaths^^M[][]][] []-[] []fcast[][]$[][]fcst[
][]$[][]^^RNum Deaths^^R[,[][]^^Mfcst^^M[][]])[][]^[][]2[][]))[][] 
 []


Overfull \hbox (2.74086pt too wide) in paragraph at lines 978--978
[][]\OT1/cmtt/m/n/10 fcast[][]$[][]fcst[][]$[][]^^RNum Deaths^^R[] []<-[] []ts[
][](fcast[][]$[][]fcst[][]$[][]^^RNum Deaths^^R,[] []start[][]=[][]c[][]([][]20
06[][],[] []1[][]),[] []frequency[][]=[][]365.25[][])[][] 
 []


Overfull \hbox (49.99045pt too wide) in paragraph at lines 986--986
[][]\OT1/cmtt/m/n/10 results[,[] []3[][]][] []<-[] []c[][]([][]AIC[][](var_fit_
2),[] []mean[][]((test[,[][]^^MNum Deaths^^M[][]][] []-[] []fcast[][]$[][]fcst[
][]$[][]^^RNum Deaths^^R[,[][]^^Mfcst^^M[][]])[][]^[][]2[][]))[][] 
 []

[25]
Package color Info: Redefining color shadecolor on input line 991.
Package color Info: Redefining color shadecolor on input line 1009.
 [26]
Package color Info: Redefining color shadecolor on input line 1032.
Package color Info: Redefining color shadecolor on input line 1043.
Package color Info: Redefining color shadecolor on input line 1070.
Package color Info: Redefining color shadecolor on input line 1088.
 [27]
Package atveryend Info: Empty hook `BeforeClearDocument' on input line 1097.
 [28]
Package atveryend Info: Empty hook `AfterLastShipout' on input line 1097.
 (./main.aux)
Package atveryend Info: Executing hook `AtVeryEndDocument' on input line 1097.
Package atveryend Info: Executing hook `AtEndAfterFileList' on input line 1097.

Package rerunfilecheck Info: File `main.out' has not changed.
(rerunfilecheck)             Checksum: 9F1BBE9B1C997E7CEAD454372751FD7A;1168.
Package atveryend Info: Empty hook `AtVeryVeryEnd' on input line 1097.
 ) 
Here is how much of TeX's memory you used:
 9256 strings out of 492995
 135935 string characters out of 6132704
 243049 words of memory out of 5000000
 12477 multiletter control sequences out of 15000+600000
 18710 words of font info for 71 fonts, out of 8000000 for 9000
 1141 hyphenation exceptions out of 8191
 44i,11n,49p,1241b,504s stack positions out of 5000i,500n,10000p,200000b,80000s
{/usr/local/texlive/2017/texmf-dist/fonts/enc/dvips/cm-super/cm-super-ts1.enc
}</usr/local/texlive/2017/texmf-dist/fonts/type1/public/amsfonts/cm/cmbx10.pfb>
</usr/local/texlive/2017/texmf-dist/fonts/type1/public/amsfonts/cm/cmbx12.pfb><
/usr/local/texlive/2017/texmf-dist/fonts/type1/public/amsfonts/cm/cmbx9.pfb></u
sr/local/texlive/2017/texmf-dist/fonts/type1/public/amsfonts/cm/cmitt10.pfb></u
sr/local/texlive/2017/texmf-dist/fonts/type1/public/amsfonts/cm/cmmi10.pfb></us
r/local/texlive/2017/texmf-dist/fonts/type1/public/amsfonts/cm/cmmi8.pfb></usr/
local/texlive/2017/texmf-dist/fonts/type1/public/amsfonts/cm/cmr10.pfb></usr/lo
cal/texlive/2017/texmf-dist/fonts/type1/public/amsfonts/cm/cmr12.pfb></usr/loca
l/texlive/2017/texmf-dist/fonts/type1/public/amsfonts/cm/cmr17.pfb></usr/local/
texlive/2017/texmf-dist/fonts/type1/public/amsfonts/cm/cmr7.pfb></usr/local/tex
live/2017/texmf-dist/fonts/type1/public/amsfonts/cm/cmr8.pfb></usr/local/texliv
e/2017/texmf-dist/fonts/type1/public/amsfonts/cm/cmr9.pfb></usr/local/texlive/2
017/texmf-dist/fonts/type1/public/amsfonts/cm/cmsy10.pfb></usr/local/texlive/20
17/texmf-dist/fonts/type1/public/amsfonts/cm/cmsy7.pfb></usr/local/texlive/2017
/texmf-dist/fonts/type1/public/amsfonts/cm/cmti10.pfb></usr/local/texlive/2017/
texmf-dist/fonts/type1/public/amsfonts/cm/cmtt10.pfb></usr/local/texlive/2017/t
exmf-dist/fonts/type1/public/amsfonts/cm/cmtt8.pfb></usr/local/texlive/2017/tex
mf-dist/fonts/type1/public/cm-super/sfrm1000.pfb>
Output written on main.pdf (30 pages, 2981793 bytes).
PDF statistics:
 662 PDF objects out of 1000 (max. 8388607)
 542 compressed objects within 6 object streams
 119 named destinations out of 1000 (max. 500000)
 305 words of extra memory for PDF output out of 10000 (max. 10000000)

